{"/Users/richardlindsell/meet/src/App.jsx": {"path":"/Users/richardlindsell/meet/src/App.jsx","statementMap":{"0":{"start":{"line":7,"column":12},"end":{"line":20,"column":1}},"1":{"start":{"line":8,"column":46},"end":{"line":8,"column":58}},"2":{"start":{"line":11,"column":26},"end":{"line":11,"column":57}},"3":{"start":{"line":13,"column":2},"end":{"line":19,"column":4}}},"fnMap":{"0":{"name":"(anonymous_0)","decl":{"start":{"line":7,"column":12},"end":{"line":7,"column":13}},"loc":{"start":{"line":7,"column":39},"end":{"line":20,"column":1}},"line":7}},"branchMap":{"0":{"loc":{"start":{"line":7,"column":15},"end":{"line":7,"column":32}},"type":"default-arg","locations":[{"start":{"line":7,"column":24},"end":{"line":7,"column":32}}],"line":7}},"s":{"0":1,"1":6,"2":6,"3":6},"f":{"0":6},"b":{"0":[0]},"_coverageSchema":"1a1c01bbd47fc00a2c39e90264f33305004495a9","hash":"e1b3f8b75ff414529e66fa3dda9ccb38ea5ab005"}
,"/Users/richardlindsell/meet/src/api.js": {"path":"/Users/richardlindsell/meet/src/api.js","statementMap":{"0":{"start":{"line":13,"column":32},"end":{"line":17,"column":1}},"1":{"start":{"line":14,"column":29},"end":{"line":14,"column":66}},"2":{"start":{"line":14,"column":51},"end":{"line":14,"column":65}},"3":{"start":{"line":15,"column":20},"end":{"line":15,"column":52}},"4":{"start":{"line":16,"column":2},"end":{"line":16,"column":19}},"5":{"start":{"line":24,"column":25},"end":{"line":26,"column":1}},"6":{"start":{"line":25,"column":2},"end":{"line":25,"column":18}}},"fnMap":{"0":{"name":"(anonymous_0)","decl":{"start":{"line":13,"column":32},"end":{"line":13,"column":33}},"loc":{"start":{"line":13,"column":44},"end":{"line":17,"column":1}},"line":13},"1":{"name":"(anonymous_1)","decl":{"start":{"line":14,"column":40},"end":{"line":14,"column":41}},"loc":{"start":{"line":14,"column":51},"end":{"line":14,"column":65}},"line":14},"2":{"name":"(anonymous_2)","decl":{"start":{"line":24,"column":25},"end":{"line":24,"column":26}},"loc":{"start":{"line":24,"column":37},"end":{"line":26,"column":1}},"line":24}},"branchMap":{},"s":{"0":2,"1":2,"2":70,"3":2,"4":2,"5":2,"6":3},"f":{"0":2,"1":70,"2":3},"b":{},"_coverageSchema":"1a1c01bbd47fc00a2c39e90264f33305004495a9","hash":"82183b6af1b86c6cf766d8d501787632ce4a35d7"}
,"/Users/richardlindsell/meet/src/mock-data.js": {"path":"/Users/richardlindsell/meet/src/mock-data.js","statementMap":{"0":{"start":{"line":1,"column":18},"end":{"line":1367,"column":1}}},"fnMap":{},"branchMap":{},"s":{"0":4},"f":{},"b":{},"_coverageSchema":"1a1c01bbd47fc00a2c39e90264f33305004495a9","hash":"08a60e61fa4f5d9b8899a9b1c04f07c13b5f17c7"}
,"/Users/richardlindsell/meet/src/components/CitySearch.jsx": {"path":"/Users/richardlindsell/meet/src/components/CitySearch.jsx","statementMap":{"0":{"start":{"line":4,"column":19},"end":{"line":48,"column":1}},"1":{"start":{"line":5,"column":46},"end":{"line":5,"column":61}},"2":{"start":{"line":6,"column":26},"end":{"line":6,"column":38}},"3":{"start":{"line":7,"column":38},"end":{"line":7,"column":50}},"4":{"start":{"line":9,"column":27},"end":{"line":17,"column":1}},"5":{"start":{"line":10,"column":16},"end":{"line":10,"column":34}},"6":{"start":{"line":11,"column":28},"end":{"line":13,"column":9}},"7":{"start":{"line":12,"column":4},"end":{"line":12,"column":68}},"8":{"start":{"line":15,"column":2},"end":{"line":15,"column":18}},"9":{"start":{"line":16,"column":2},"end":{"line":16,"column":36}},"10":{"start":{"line":19,"column":26},"end":{"line":23,"column":3}},"11":{"start":{"line":20,"column":16},"end":{"line":20,"column":40}},"12":{"start":{"line":21,"column":2},"end":{"line":21,"column":18}},"13":{"start":{"line":22,"column":2},"end":{"line":22,"column":28}},"14":{"start":{"line":25,"column":2},"end":{"line":47,"column":3}},"15":{"start":{"line":32,"column":27},"end":{"line":32,"column":51}},"16":{"start":{"line":38,"column":12},"end":{"line":38,"column":85}}},"fnMap":{"0":{"name":"(anonymous_0)","decl":{"start":{"line":4,"column":19},"end":{"line":4,"column":20}},"loc":{"start":{"line":4,"column":41},"end":{"line":48,"column":1}},"line":4},"1":{"name":"(anonymous_1)","decl":{"start":{"line":9,"column":27},"end":{"line":9,"column":28}},"loc":{"start":{"line":9,"column":38},"end":{"line":17,"column":1}},"line":9},"2":{"name":"(anonymous_2)","decl":{"start":{"line":11,"column":63},"end":{"line":11,"column":64}},"loc":{"start":{"line":11,"column":77},"end":{"line":13,"column":3}},"line":11},"3":{"name":"(anonymous_3)","decl":{"start":{"line":19,"column":26},"end":{"line":19,"column":27}},"loc":{"start":{"line":19,"column":37},"end":{"line":23,"column":3}},"line":19},"4":{"name":"(anonymous_4)","decl":{"start":{"line":32,"column":21},"end":{"line":32,"column":22}},"loc":{"start":{"line":32,"column":27},"end":{"line":32,"column":51}},"line":32},"5":{"name":"(anonymous_5)","decl":{"start":{"line":37,"column":27},"end":{"line":37,"column":28}},"loc":{"start":{"line":37,"column":43},"end":{"line":39,"column":11}},"line":37}},"branchMap":{"0":{"loc":{"start":{"line":11,"column":28},"end":{"line":13,"column":9}},"type":"cond-expr","locations":[{"start":{"line":11,"column":43},"end":{"line":13,"column":4}},{"start":{"line":13,"column":7},"end":{"line":13,"column":9}}],"line":11},"1":{"loc":{"start":{"line":35,"column":7},"end":{"line":44,"column":14}},"type":"cond-expr","locations":[{"start":{"line":36,"column":8},"end":{"line":43,"column":13}},{"start":{"line":44,"column":10},"end":{"line":44,"column":14}}],"line":35}},"s":{"0":2,"1":29,"2":29,"3":29,"4":29,"5":12,"6":12,"7":24,"8":12,"9":12,"10":29,"11":1,"12":1,"13":1,"14":29,"15":3,"16":12},"f":{"0":29,"1":12,"2":24,"3":1,"4":3,"5":12},"b":{"0":[12,0],"1":[15,14]},"_coverageSchema":"1a1c01bbd47fc00a2c39e90264f33305004495a9","hash":"251774a74291a6ac0d7305f14bdd42d6c2404b70"}
,"/Users/richardlindsell/meet/src/components/Event.jsx": {"path":"/Users/richardlindsell/meet/src/components/Event.jsx","statementMap":{"0":{"start":{"line":3,"column":14},"end":{"line":29,"column":1}},"1":{"start":{"line":4,"column":40},"end":{"line":4,"column":55}},"2":{"start":{"line":6,"column":2},"end":{"line":28,"column":4}},"3":{"start":{"line":18,"column":29},"end":{"line":18,"column":57}}},"fnMap":{"0":{"name":"(anonymous_0)","decl":{"start":{"line":3,"column":14},"end":{"line":3,"column":15}},"loc":{"start":{"line":3,"column":29},"end":{"line":29,"column":1}},"line":3},"1":{"name":"(anonymous_1)","decl":{"start":{"line":18,"column":23},"end":{"line":18,"column":24}},"loc":{"start":{"line":18,"column":29},"end":{"line":18,"column":57}},"line":18}},"branchMap":{"0":{"loc":{"start":{"line":19,"column":9},"end":{"line":19,"column":54}},"type":"cond-expr","locations":[{"start":{"line":19,"column":23},"end":{"line":19,"column":37}},{"start":{"line":19,"column":40},"end":{"line":19,"column":54}}],"line":19},"1":{"loc":{"start":{"line":21,"column":13},"end":{"line":26,"column":9}},"type":"binary-expr","locations":[{"start":{"line":21,"column":13},"end":{"line":21,"column":24}},{"start":{"line":22,"column":8},"end":{"line":25,"column":14}}],"line":21}},"s":{"0":3,"1":212,"2":212,"3":3},"f":{"0":212,"1":3},"b":{"0":[2,210],"1":[212,2]},"_coverageSchema":"1a1c01bbd47fc00a2c39e90264f33305004495a9","hash":"73f0743db08f8c89b76a08774943f68844b66390"}
,"/Users/richardlindsell/meet/src/components/EventList.jsx": {"path":"/Users/richardlindsell/meet/src/components/EventList.jsx","statementMap":{"0":{"start":{"line":6,"column":18},"end":{"line":12,"column":1}},"1":{"start":{"line":7,"column":1},"end":{"line":11,"column":3}},"2":{"start":{"line":9,"column":34},"end":{"line":9,"column":71}}},"fnMap":{"0":{"name":"(anonymous_0)","decl":{"start":{"line":6,"column":18},"end":{"line":6,"column":19}},"loc":{"start":{"line":6,"column":34},"end":{"line":12,"column":1}},"line":6},"1":{"name":"(anonymous_1)","decl":{"start":{"line":9,"column":25},"end":{"line":9,"column":26}},"loc":{"start":{"line":9,"column":34},"end":{"line":9,"column":71}},"line":9}},"branchMap":{"0":{"loc":{"start":{"line":9,"column":6},"end":{"line":9,"column":78}},"type":"cond-expr","locations":[{"start":{"line":9,"column":14},"end":{"line":9,"column":72}},{"start":{"line":9,"column":74},"end":{"line":9,"column":78}}],"line":9}},"s":{"0":2,"1":9,"2":205},"f":{"0":9,"1":205},"b":{"0":[7,2]},"_coverageSchema":"1a1c01bbd47fc00a2c39e90264f33305004495a9","hash":"d190a744eb5b27e5a6df60ac1751d14a2945bc42"}
,"/Users/richardlindsell/meet/src/components/NumberOfEvents.jsx": {"path":"/Users/richardlindsell/meet/src/components/NumberOfEvents.jsx","statementMap":{"0":{"start":{"line":3,"column":23},"end":{"line":26,"column":1}},"1":{"start":{"line":4,"column":29},"end":{"line":9,"column":3}},"2":{"start":{"line":5,"column":18},"end":{"line":5,"column":50}},"3":{"start":{"line":6,"column":4},"end":{"line":8,"column":5}},"4":{"start":{"line":7,"column":6},"end":{"line":7,"column":28}},"5":{"start":{"line":11,"column":2},"end":{"line":25,"column":4}}},"fnMap":{"0":{"name":"(anonymous_0)","decl":{"start":{"line":3,"column":23},"end":{"line":3,"column":24}},"loc":{"start":{"line":3,"column":55},"end":{"line":26,"column":1}},"line":3},"1":{"name":"(anonymous_1)","decl":{"start":{"line":4,"column":29},"end":{"line":4,"column":30}},"loc":{"start":{"line":4,"column":40},"end":{"line":9,"column":3}},"line":4}},"branchMap":{"0":{"loc":{"start":{"line":6,"column":4},"end":{"line":8,"column":5}},"type":"if","locations":[{"start":{"line":6,"column":4},"end":{"line":8,"column":5}},{"start":{},"end":{}}],"line":6},"1":{"loc":{"start":{"line":6,"column":8},"end":{"line":6,"column":34}},"type":"binary-expr","locations":[{"start":{"line":6,"column":8},"end":{"line":6,"column":21}},{"start":{"line":6,"column":25},"end":{"line":6,"column":34}}],"line":6}},"s":{"0":2,"1":10,"2":2,"3":2,"4":2,"5":10},"f":{"0":10,"1":2},"b":{"0":[2,0],"1":[2,2]},"_coverageSchema":"1a1c01bbd47fc00a2c39e90264f33305004495a9","hash":"0668cc66b30322cce1c9759804ba501b65bd01ef"}
}
