TN:
SF:src/App.jsx
FN:9,(anonymous_0)
FN:15,(anonymous_1)
FN:19,(anonymous_2)
FN:23,(anonymous_3)
FNF:4
FNH:4
FNDA:16,(anonymous_0)
FNDA:10,(anonymous_1)
FNDA:10,(anonymous_2)
FNDA:35,(anonymous_3)
DA:9,3
DA:10,16
DA:11,16
DA:12,16
DA:13,16
DA:15,16
DA:16,10
DA:19,16
DA:20,10
DA:21,10
DA:23,35
DA:24,10
DA:25,10
DA:28,16
LF:14
LH:14
BRDA:21,0,0,9
BRDA:21,0,1,1
BRF:2
BRH:2
end_of_record
TN:
SF:src/api.js
FN:13,(anonymous_0)
FN:14,(anonymous_1)
FN:24,(anonymous_2)
FNF:3
FNH:3
FNDA:13,(anonymous_0)
FNDA:455,(anonymous_1)
FNDA:15,(anonymous_2)
DA:13,3
DA:14,455
DA:15,13
DA:16,13
DA:24,3
DA:25,15
LF:6
LH:6
BRF:0
BRH:0
end_of_record
TN:
SF:src/mock-data.js
FNF:0
FNH:0
DA:1,4
LF:1
LH:1
BRF:0
BRH:0
end_of_record
TN:
SF:src/components/CitySearch.jsx
FN:4,(anonymous_0)
FN:9,(anonymous_1)
FN:11,(anonymous_2)
FN:19,(anonymous_3)
FN:23,(anonymous_4)
FN:37,(anonymous_5)
FN:42,(anonymous_6)
FNF:7
FNH:7
FNDA:63,(anonymous_0)
FNDA:18,(anonymous_1)
FNDA:36,(anonymous_2)
FNDA:20,(anonymous_3)
FNDA:2,(anonymous_4)
FNDA:5,(anonymous_5)
FNDA:26,(anonymous_6)
DA:4,3
DA:5,63
DA:6,63
DA:7,63
DA:9,63
DA:10,18
DA:11,18
DA:12,36
DA:15,18
DA:16,18
DA:19,63
DA:20,20
DA:23,63
DA:24,2
DA:25,2
DA:26,2
DA:27,2
DA:30,63
DA:37,5
DA:43,26
LF:20
LH:20
BRDA:11,0,0,18
BRDA:11,0,1,0
BRDA:40,1,0,23
BRDA:40,1,1,40
BRF:4
BRH:3
end_of_record
TN:
SF:src/components/Event.jsx
FN:3,(anonymous_0)
FN:18,(anonymous_1)
FNF:2
FNH:2
FNDA:261,(anonymous_0)
FNDA:3,(anonymous_1)
DA:3,4
DA:4,261
DA:6,261
DA:18,3
LF:4
LH:4
BRDA:19,0,0,2
BRDA:19,0,1,259
BRDA:21,1,0,261
BRDA:21,1,1,2
BRF:4
BRH:4
end_of_record
TN:
SF:src/components/EventList.jsx
FN:6,(anonymous_0)
FN:9,(anonymous_1)
FNF:2
FNH:2
FNDA:19,(anonymous_0)
FNDA:254,(anonymous_1)
DA:6,3
DA:7,19
DA:9,254
LF:3
LH:3
BRDA:9,0,0,17
BRDA:9,0,1,2
BRF:2
BRH:2
end_of_record
TN:
SF:src/components/NumberOfEvents.jsx
FN:3,(anonymous_0)
FN:4,(anonymous_1)
FNF:2
FNH:2
FNDA:20,(anonymous_0)
FNDA:2,(anonymous_1)
DA:3,4
DA:4,20
DA:5,2
DA:6,2
DA:7,2
DA:11,20
LF:6
LH:6
BRDA:6,0,0,2
BRDA:6,0,1,0
BRDA:6,1,0,2
BRDA:6,1,1,2
BRF:4
BRH:3
end_of_record
