TN:
SF:src/App.jsx
FN:7,(anonymous_0)
FNF:1
FNH:1
FNDA:6,(anonymous_0)
DA:7,1
DA:8,6
DA:11,6
DA:13,6
LF:4
LH:4
BRDA:7,0,0,0
BRF:1
BRH:0
end_of_record
TN:
SF:src/api.js
FN:13,(anonymous_0)
FN:14,(anonymous_1)
FN:24,(anonymous_2)
FNF:3
FNH:3
FNDA:2,(anonymous_0)
FNDA:70,(anonymous_1)
FNDA:3,(anonymous_2)
DA:13,2
DA:14,70
DA:15,2
DA:16,2
DA:24,2
DA:25,3
LF:6
LH:6
BRF:0
BRH:0
end_of_record
TN:
SF:src/mock-data.js
FNF:0
FNH:0
DA:1,4
LF:1
LH:1
BRF:0
BRH:0
end_of_record
TN:
SF:src/components/CitySearch.jsx
FN:4,(anonymous_0)
FN:9,(anonymous_1)
FN:11,(anonymous_2)
FN:19,(anonymous_3)
FN:32,(anonymous_4)
FN:37,(anonymous_5)
FNF:6
FNH:6
FNDA:29,(anonymous_0)
FNDA:12,(anonymous_1)
FNDA:24,(anonymous_2)
FNDA:1,(anonymous_3)
FNDA:3,(anonymous_4)
FNDA:12,(anonymous_5)
DA:4,2
DA:5,29
DA:6,29
DA:7,29
DA:9,29
DA:10,12
DA:11,12
DA:12,24
DA:15,12
DA:16,12
DA:19,29
DA:20,1
DA:21,1
DA:22,1
DA:25,29
DA:32,3
DA:38,12
LF:17
LH:17
BRDA:11,0,0,12
BRDA:11,0,1,0
BRDA:35,1,0,15
BRDA:35,1,1,14
BRF:4
BRH:3
end_of_record
TN:
SF:src/components/Event.jsx
FN:3,(anonymous_0)
FN:18,(anonymous_1)
FNF:2
FNH:2
FNDA:212,(anonymous_0)
FNDA:3,(anonymous_1)
DA:3,3
DA:4,212
DA:6,212
DA:18,3
LF:4
LH:4
BRDA:19,0,0,2
BRDA:19,0,1,210
BRDA:21,1,0,212
BRDA:21,1,1,2
BRF:4
BRH:4
end_of_record
TN:
SF:src/components/EventList.jsx
FN:6,(anonymous_0)
FN:9,(anonymous_1)
FNF:2
FNH:2
FNDA:9,(anonymous_0)
FNDA:205,(anonymous_1)
DA:6,2
DA:7,9
DA:9,205
LF:3
LH:3
BRDA:9,0,0,7
BRDA:9,0,1,2
BRF:2
BRH:2
end_of_record
TN:
SF:src/components/NumberOfEvents.jsx
FN:3,(anonymous_0)
FN:4,(anonymous_1)
FNF:2
FNH:2
FNDA:10,(anonymous_0)
FNDA:2,(anonymous_1)
DA:3,2
DA:4,10
DA:5,2
DA:6,2
DA:7,2
DA:11,10
LF:6
LH:6
BRDA:6,0,0,2
BRDA:6,0,1,0
BRDA:6,1,0,2
BRDA:6,1,1,2
BRF:4
BRH:3
end_of_record
